20.09.2023 21:38:49.886 [background-preinit] INFO   o.h.v.i.util.Version - HV000001: Hibernate Validator 8.0.1.Final
20.09.2023 21:38:49.951 [main] INFO   b.o.ObservationDataApplication - Starting ObservationDataApplication using Java 17.0.8.1 with PID 6344 (/home/oleg/IdeaProjects/observationdata/target/classes started by oleg in /home/oleg/IdeaProjects/observationdata)
20.09.2023 21:38:49.953 [main] INFO   b.o.ObservationDataApplication - No active profile set, falling back to 1 default profile: "default"
20.09.2023 21:38:50.867 [main] INFO   o.s.d.r.c.RepositoryConfigurationDelegate - Bootstrapping Spring Data JPA repositories in DEFAULT mode.
20.09.2023 21:38:50.944 [main] INFO   o.s.d.r.c.RepositoryConfigurationDelegate - Finished Spring Data repository scanning in 69 ms. Found 3 JPA repository interfaces.
20.09.2023 21:38:51.152 [main] INFO   o.s.c.c.s.GenericScope - BeanFactory id=3609d738-946a-3ebf-905f-74eb10070ade
20.09.2023 21:38:51.221 [main] INFO   o.s.c.s.PostProcessorRegistrationDelegate$BeanPostProcessorChecker - Bean 'birding.observationdata.integration.place.PlaceClient' of type [org.springframework.cloud.openfeign.FeignClientFactoryBean] is not eligible for getting processed by all BeanPostProcessors (for example: not eligible for auto-proxying)
20.09.2023 21:38:51.500 [main] INFO   o.s.b.w.e.t.TomcatWebServer - Tomcat initialized with port(s): 8080 (http)
20.09.2023 21:38:51.509 [main] INFO   o.a.c.h.Http11NioProtocol - Initializing ProtocolHandler ["http-nio-8080"]
20.09.2023 21:38:51.509 [main] INFO   o.a.c.c.StandardService - Starting service [Tomcat]
20.09.2023 21:38:51.510 [main] INFO   o.a.c.c.StandardEngine - Starting Servlet engine: [Apache Tomcat/10.1.8]
20.09.2023 21:38:51.587 [main] INFO   o.a.c.c.C.[.[.[/] - Initializing Spring embedded WebApplicationContext
20.09.2023 21:38:51.587 [main] INFO   o.s.b.w.s.c.ServletWebServerApplicationContext - Root WebApplicationContext: initialization completed in 1543 ms
20.09.2023 21:38:51.713 [main] INFO   c.z.h.HikariDataSource - HikariPool-1 - Starting...
20.09.2023 21:38:51.869 [main] INFO   c.z.h.p.HikariPool - HikariPool-1 - Added connection org.postgresql.jdbc.PgConnection@3b35798
20.09.2023 21:38:51.870 [main] INFO   c.z.h.HikariDataSource - HikariPool-1 - Start completed.
20.09.2023 21:38:52.002 [main] INFO   liquibase.database - Set default schema name to public
20.09.2023 21:38:52.162 [main] INFO   l.lockservice - Successfully acquired change log lock
20.09.2023 21:38:52.457 [main] INFO   liquibase.changelog - Reading from public.databasechangelog
20.09.2023 21:38:52.523 [main] INFO   liquibase.changelog - Reading from public.databasechangelog
20.09.2023 21:38:52.529 [main] INFO   liquibase.util - UPDATE SUMMARY
20.09.2023 21:38:52.529 [main] INFO   liquibase.util - Run:                          0
20.09.2023 21:38:52.529 [main] INFO   liquibase.util - Previously run:               6
20.09.2023 21:38:52.530 [main] INFO   liquibase.util - Filtered out:                 0
20.09.2023 21:38:52.530 [main] INFO   liquibase.util - -------------------------------
20.09.2023 21:38:52.530 [main] INFO   liquibase.util - Total change sets:            6

20.09.2023 21:38:52.531 [main] INFO   liquibase.util - Update summary generated
20.09.2023 21:38:52.536 [main] INFO   l.lockservice - Successfully released change log lock
20.09.2023 21:38:52.543 [main] INFO   l.lockservice - Successfully released change log lock
20.09.2023 21:38:52.544 [main] INFO   liquibase.command - Command execution complete
20.09.2023 21:38:52.624 [main] INFO   o.h.j.i.u.LogHelper - HHH000204: Processing PersistenceUnitInfo [name: default]
20.09.2023 21:38:52.665 [main] INFO   o.hibernate.Version - HHH000412: Hibernate ORM core version 6.2.2.Final
20.09.2023 21:38:52.668 [main] INFO   o.h.cfg.Environment - HHH000406: Using bytecode reflection optimizer
20.09.2023 21:38:52.822 [main] INFO   o.h.b.i.BytecodeProviderInitiator - HHH000021: Bytecode provider name : bytebuddy
20.09.2023 21:38:52.932 [main] INFO   o.s.o.j.p.SpringPersistenceUnitInfo - No LoadTimeWeaver setup: ignoring JPA class transformer
20.09.2023 21:38:52.971 [main] INFO   o.h.orm.dialect - HHH035001: Using dialect: org.hibernate.dialect.PostgreSQLDialect, version: org.hibernate.engine.jdbc.env.internal.JdbcEnvironmentInitiator$DialectResolutionInfoImpl@3f3a6091
20.09.2023 21:38:53.146 [main] INFO   o.h.b.i.BytecodeProviderInitiator - HHH000021: Bytecode provider name : bytebuddy
20.09.2023 21:38:53.635 [main] INFO   o.h.m.i.EntityInstantiatorPojoStandard - HHH000182: No default (no-argument) constructor for class: birding.observationdata.entity.NestDimension (class must be instantiated by Interceptor)
20.09.2023 21:38:53.809 [main] INFO   o.h.e.t.j.p.i.JtaPlatformInitiator - HHH000490: Using JtaPlatform implementation: [org.hibernate.engine.transaction.jta.platform.internal.NoJtaPlatform]
20.09.2023 21:38:53.812 [main] INFO   o.s.o.j.LocalContainerEntityManagerFactoryBean - Initialized JPA EntityManagerFactory for persistence unit 'default'
20.09.2023 21:38:53.988 [main] WARN   o.s.c.LocalVariableTableParameterNameDiscoverer - Using deprecated '-debug' fallback for parameter name resolution. Compile the affected code with '-parameters' instead or avoid its introspection: birding.observationdata.entity.NestDimension
20.09.2023 21:38:54.216 [main] WARN   o.s.b.a.o.j.JpaBaseConfiguration$JpaWebConfiguration - spring.jpa.open-in-view is enabled by default. Therefore, database queries may be performed during view rendering. Explicitly configure spring.jpa.open-in-view to disable this warning
20.09.2023 21:38:55.379 [main] INFO   o.a.c.h.Http11NioProtocol - Starting ProtocolHandler ["http-nio-8080"]
20.09.2023 21:38:55.396 [main] INFO   o.s.b.w.e.t.TomcatWebServer - Tomcat started on port(s): 8080 (http) with context path ''
20.09.2023 21:38:55.527 [main] INFO   b.o.ObservationDataApplication - Started ObservationDataApplication in 6.046 seconds (process running for 6.593)
20.09.2023 21:38:58.609 [http-nio-8080-exec-2] INFO   o.a.c.c.C.[.[.[/] - Initializing Spring DispatcherServlet 'dispatcherServlet'
20.09.2023 21:38:58.609 [http-nio-8080-exec-2] INFO   o.s.w.s.DispatcherServlet - Initializing Servlet 'dispatcherServlet'
20.09.2023 21:38:58.611 [http-nio-8080-exec-2] INFO   o.s.w.s.DispatcherServlet - Completed initialization in 2 ms
20.09.2023 21:41:21.228 [SpringApplicationShutdownHook] INFO   o.s.o.j.LocalContainerEntityManagerFactoryBean - Closing JPA EntityManagerFactory for persistence unit 'default'
20.09.2023 21:41:21.230 [SpringApplicationShutdownHook] INFO   c.z.h.HikariDataSource - HikariPool-1 - Shutdown initiated...
20.09.2023 21:41:21.235 [SpringApplicationShutdownHook] INFO   c.z.h.HikariDataSource - HikariPool-1 - Shutdown completed.
20.09.2023 21:42:43.378 [background-preinit] INFO   o.h.v.i.util.Version - HV000001: Hibernate Validator 8.0.1.Final
20.09.2023 21:42:43.433 [main] INFO   b.o.ObservationDataApplication - Starting ObservationDataApplication using Java 17.0.8.1 with PID 6767 (/home/oleg/IdeaProjects/observationdata/target/classes started by oleg in /home/oleg/IdeaProjects/observationdata)
20.09.2023 21:42:43.434 [main] INFO   b.o.ObservationDataApplication - No active profile set, falling back to 1 default profile: "default"
20.09.2023 21:42:44.415 [main] INFO   o.s.d.r.c.RepositoryConfigurationDelegate - Bootstrapping Spring Data JPA repositories in DEFAULT mode.
20.09.2023 21:42:44.501 [main] INFO   o.s.d.r.c.RepositoryConfigurationDelegate - Finished Spring Data repository scanning in 72 ms. Found 3 JPA repository interfaces.
20.09.2023 21:42:44.755 [main] INFO   o.s.c.c.s.GenericScope - BeanFactory id=3609d738-946a-3ebf-905f-74eb10070ade
20.09.2023 21:42:44.827 [main] INFO   o.s.c.s.PostProcessorRegistrationDelegate$BeanPostProcessorChecker - Bean 'birding.observationdata.integration.place.PlaceClient' of type [org.springframework.cloud.openfeign.FeignClientFactoryBean] is not eligible for getting processed by all BeanPostProcessors (for example: not eligible for auto-proxying)
20.09.2023 21:42:45.179 [main] INFO   o.s.b.w.e.t.TomcatWebServer - Tomcat initialized with port(s): 8080 (http)
20.09.2023 21:42:45.312 [main] INFO   o.s.b.w.s.c.ServletWebServerApplicationContext - Root WebApplicationContext: initialization completed in 1812 ms
20.09.2023 21:42:45.471 [main] INFO   c.z.h.HikariDataSource - HikariPool-1 - Starting...
20.09.2023 21:42:45.666 [main] INFO   c.z.h.p.HikariPool - HikariPool-1 - Added connection org.postgresql.jdbc.PgConnection@448c92fc
20.09.2023 21:42:45.668 [main] INFO   c.z.h.HikariDataSource - HikariPool-1 - Start completed.
20.09.2023 21:42:46.496 [main] INFO   o.h.j.i.u.LogHelper - HHH000204: Processing PersistenceUnitInfo [name: default]
20.09.2023 21:42:46.541 [main] INFO   o.hibernate.Version - HHH000412: Hibernate ORM core version 6.2.2.Final
20.09.2023 21:42:46.544 [main] INFO   o.h.cfg.Environment - HHH000406: Using bytecode reflection optimizer
20.09.2023 21:42:46.701 [main] INFO   o.h.b.i.BytecodeProviderInitiator - HHH000021: Bytecode provider name : bytebuddy
20.09.2023 21:42:46.833 [main] INFO   o.s.o.j.p.SpringPersistenceUnitInfo - No LoadTimeWeaver setup: ignoring JPA class transformer
20.09.2023 21:42:46.889 [main] INFO   o.h.orm.dialect - HHH035001: Using dialect: org.hibernate.dialect.PostgreSQLDialect, version: org.hibernate.engine.jdbc.env.internal.JdbcEnvironmentInitiator$DialectResolutionInfoImpl@64508788
20.09.2023 21:42:47.127 [main] INFO   o.h.b.i.BytecodeProviderInitiator - HHH000021: Bytecode provider name : bytebuddy
20.09.2023 21:42:47.669 [main] INFO   o.h.m.i.EntityInstantiatorPojoStandard - HHH000182: No default (no-argument) constructor for class: birding.observationdata.entity.NestDimension (class must be instantiated by Interceptor)
20.09.2023 21:42:47.847 [main] INFO   o.h.e.t.j.p.i.JtaPlatformInitiator - HHH000490: Using JtaPlatform implementation: [org.hibernate.engine.transaction.jta.platform.internal.NoJtaPlatform]
20.09.2023 21:42:47.851 [main] INFO   o.s.o.j.LocalContainerEntityManagerFactoryBean - Initialized JPA EntityManagerFactory for persistence unit 'default'
20.09.2023 21:42:48.046 [main] WARN   o.s.c.LocalVariableTableParameterNameDiscoverer - Using deprecated '-debug' fallback for parameter name resolution. Compile the affected code with '-parameters' instead or avoid its introspection: birding.observationdata.entity.NestDimension
20.09.2023 21:42:48.298 [main] WARN   o.s.b.a.o.j.JpaBaseConfiguration$JpaWebConfiguration - spring.jpa.open-in-view is enabled by default. Therefore, database queries may be performed during view rendering. Explicitly configure spring.jpa.open-in-view to disable this warning
20.09.2023 21:42:49.708 [main] INFO   o.s.b.w.e.t.TomcatWebServer - Tomcat started on port(s): 8080 (http) with context path ''
20.09.2023 21:42:49.723 [main] INFO   b.o.ObservationDataApplication - Started ObservationDataApplication in 6.713 seconds (process running for 7.885)
20.09.2023 21:42:49.735 [SpringApplicationShutdownHook] INFO   o.s.o.j.LocalContainerEntityManagerFactoryBean - Closing JPA EntityManagerFactory for persistence unit 'default'
20.09.2023 21:42:49.737 [SpringApplicationShutdownHook] INFO   c.z.h.HikariDataSource - HikariPool-1 - Shutdown initiated...
20.09.2023 21:42:49.740 [SpringApplicationShutdownHook] INFO   c.z.h.HikariDataSource - HikariPool-1 - Shutdown completed.
20.09.2023 21:42:56.458 [background-preinit] INFO   o.h.v.i.util.Version - HV000001: Hibernate Validator 8.0.1.Final
20.09.2023 21:42:56.532 [main] INFO   b.o.ObservationDataApplication - Starting ObservationDataApplication using Java 17.0.8.1 with PID 6989 (/home/oleg/IdeaProjects/observationdata/target/classes started by oleg in /home/oleg/IdeaProjects/observationdata)
20.09.2023 21:42:56.533 [main] INFO   b.o.ObservationDataApplication - No active profile set, falling back to 1 default profile: "default"
20.09.2023 21:42:57.430 [main] INFO   o.s.d.r.c.RepositoryConfigurationDelegate - Bootstrapping Spring Data JPA repositories in DEFAULT mode.
20.09.2023 21:42:57.502 [main] INFO   o.s.d.r.c.RepositoryConfigurationDelegate - Finished Spring Data repository scanning in 62 ms. Found 3 JPA repository interfaces.
20.09.2023 21:42:57.723 [main] INFO   o.s.c.c.s.GenericScope - BeanFactory id=3609d738-946a-3ebf-905f-74eb10070ade
20.09.2023 21:42:57.804 [main] INFO   o.s.c.s.PostProcessorRegistrationDelegate$BeanPostProcessorChecker - Bean 'birding.observationdata.integration.place.PlaceClient' of type [org.springframework.cloud.openfeign.FeignClientFactoryBean] is not eligible for getting processed by all BeanPostProcessors (for example: not eligible for auto-proxying)
20.09.2023 21:42:58.118 [main] INFO   o.s.b.w.e.t.TomcatWebServer - Tomcat initialized with port(s): 8080 (http)
20.09.2023 21:42:58.126 [main] INFO   o.a.c.h.Http11NioProtocol - Initializing ProtocolHandler ["http-nio-8080"]
20.09.2023 21:42:58.128 [main] INFO   o.a.c.c.StandardService - Starting service [Tomcat]
20.09.2023 21:42:58.128 [main] INFO   o.a.c.c.StandardEngine - Starting Servlet engine: [Apache Tomcat/10.1.8]
20.09.2023 21:42:58.220 [main] INFO   o.a.c.c.C.[.[.[/] - Initializing Spring embedded WebApplicationContext
20.09.2023 21:42:58.221 [main] INFO   o.s.b.w.s.c.ServletWebServerApplicationContext - Root WebApplicationContext: initialization completed in 1632 ms
20.09.2023 21:42:58.378 [main] INFO   c.z.h.HikariDataSource - HikariPool-1 - Starting...
20.09.2023 21:42:58.574 [main] INFO   c.z.h.p.HikariPool - HikariPool-1 - Added connection org.postgresql.jdbc.PgConnection@357c9bd9
20.09.2023 21:42:58.577 [main] INFO   c.z.h.HikariDataSource - HikariPool-1 - Start completed.
20.09.2023 21:42:58.871 [main] INFO   liquibase.database - Set default schema name to public
20.09.2023 21:42:59.060 [main] INFO   l.lockservice - Successfully acquired change log lock
20.09.2023 21:42:59.361 [main] INFO   liquibase.changelog - Reading from public.databasechangelog
20.09.2023 21:42:59.415 [main] INFO   liquibase.changelog - Reading from public.databasechangelog
20.09.2023 21:42:59.421 [main] INFO   liquibase.util - UPDATE SUMMARY
20.09.2023 21:42:59.421 [main] INFO   liquibase.util - Run:                          0
20.09.2023 21:42:59.422 [main] INFO   liquibase.util - Previously run:               6
20.09.2023 21:42:59.422 [main] INFO   liquibase.util - Filtered out:                 0
20.09.2023 21:42:59.422 [main] INFO   liquibase.util - -------------------------------
20.09.2023 21:42:59.422 [main] INFO   liquibase.util - Total change sets:            6

20.09.2023 21:42:59.423 [main] INFO   liquibase.util - Update summary generated
20.09.2023 21:42:59.430 [main] INFO   l.lockservice - Successfully released change log lock
20.09.2023 21:42:59.438 [main] INFO   l.lockservice - Successfully released change log lock
20.09.2023 21:42:59.439 [main] INFO   liquibase.command - Command execution complete
20.09.2023 21:42:59.509 [main] INFO   o.h.j.i.u.LogHelper - HHH000204: Processing PersistenceUnitInfo [name: default]
20.09.2023 21:42:59.567 [main] INFO   o.hibernate.Version - HHH000412: Hibernate ORM core version 6.2.2.Final
20.09.2023 21:42:59.570 [main] INFO   o.h.cfg.Environment - HHH000406: Using bytecode reflection optimizer
20.09.2023 21:42:59.737 [main] INFO   o.h.b.i.BytecodeProviderInitiator - HHH000021: Bytecode provider name : bytebuddy
20.09.2023 21:42:59.873 [main] INFO   o.s.o.j.p.SpringPersistenceUnitInfo - No LoadTimeWeaver setup: ignoring JPA class transformer
20.09.2023 21:42:59.929 [main] INFO   o.h.orm.dialect - HHH035001: Using dialect: org.hibernate.dialect.PostgreSQLDialect, version: org.hibernate.engine.jdbc.env.internal.JdbcEnvironmentInitiator$DialectResolutionInfoImpl@1feb76b9
20.09.2023 21:43:00.192 [main] INFO   o.h.b.i.BytecodeProviderInitiator - HHH000021: Bytecode provider name : bytebuddy
20.09.2023 21:43:00.712 [main] INFO   o.h.m.i.EntityInstantiatorPojoStandard - HHH000182: No default (no-argument) constructor for class: birding.observationdata.entity.NestDimension (class must be instantiated by Interceptor)
20.09.2023 21:43:00.887 [main] INFO   o.h.e.t.j.p.i.JtaPlatformInitiator - HHH000490: Using JtaPlatform implementation: [org.hibernate.engine.transaction.jta.platform.internal.NoJtaPlatform]
20.09.2023 21:43:00.890 [main] INFO   o.s.o.j.LocalContainerEntityManagerFactoryBean - Initialized JPA EntityManagerFactory for persistence unit 'default'
20.09.2023 21:43:01.074 [main] WARN   o.s.c.LocalVariableTableParameterNameDiscoverer - Using deprecated '-debug' fallback for parameter name resolution. Compile the affected code with '-parameters' instead or avoid its introspection: birding.observationdata.entity.NestDimension
20.09.2023 21:43:01.290 [main] WARN   o.s.b.a.o.j.JpaBaseConfiguration$JpaWebConfiguration - spring.jpa.open-in-view is enabled by default. Therefore, database queries may be performed during view rendering. Explicitly configure spring.jpa.open-in-view to disable this warning
20.09.2023 21:43:02.520 [main] INFO   o.a.c.h.Http11NioProtocol - Starting ProtocolHandler ["http-nio-8080"]
20.09.2023 21:43:02.541 [main] INFO   o.s.b.w.e.t.TomcatWebServer - Tomcat started on port(s): 8080 (http) with context path ''
20.09.2023 21:43:02.567 [main] INFO   b.o.ObservationDataApplication - Started ObservationDataApplication in 6.614 seconds (process running for 7.246)
20.09.2023 21:43:10.624 [http-nio-8080-exec-2] INFO   o.a.c.c.C.[.[.[/] - Initializing Spring DispatcherServlet 'dispatcherServlet'
20.09.2023 21:43:10.625 [http-nio-8080-exec-2] INFO   o.s.w.s.DispatcherServlet - Initializing Servlet 'dispatcherServlet'
20.09.2023 21:43:10.626 [http-nio-8080-exec-2] INFO   o.s.w.s.DispatcherServlet - Completed initialization in 1 ms
20.09.2023 21:43:21.758 [SpringApplicationShutdownHook] INFO   o.s.o.j.LocalContainerEntityManagerFactoryBean - Closing JPA EntityManagerFactory for persistence unit 'default'
20.09.2023 21:43:21.760 [SpringApplicationShutdownHook] INFO   c.z.h.HikariDataSource - HikariPool-1 - Shutdown initiated...
20.09.2023 21:43:21.764 [SpringApplicationShutdownHook] INFO   c.z.h.HikariDataSource - HikariPool-1 - Shutdown completed.
